<?xml version="1.0" encoding="UTF-8"?>
<!-- Generated by org.testng.reporters.JUnitReportReporter -->
<testsuite hostname="Mike" failures="0" tests="1" name="com.Example.Utilities.Util" time="0.011" errors="0" timestamp="2025-01-15T16:29:49 EST" skipped="0">
  <testcase classname="com.Example.Utilities.Util" name="print" time="0.011"/>
</testsuite> <!-- com.Example.Utilities.Util -->
