<?xml version="1.0" encoding="UTF-8"?>
<!-- Generated by org.testng.reporters.JUnitReportReporter -->
<testsuite hostname="Mike" failures="0" tests="1" name="com.Interview.java.ExcelCode" time="0.346" errors="0" timestamp="2024-12-06T13:35:06 EST" skipped="0">
  <testcase classname="com.Interview.java.ExcelCode" name="printExcel" time="0.346"/>
</testsuite> <!-- com.Interview.java.ExcelCode -->
